[2021-02-23 13:12:06:758][background-preinit] INFO  o.h.validator.internal.util.Version - HV000001: Hibernate Validator 6.1.5.Final
[2021-02-23 13:12:06:794][restartedMain] INFO  kr.or.btf.web.Application - Starting Application on DESKTOP-166OGMA with PID 3372 (D:\SI\blueTree_solution\bluetree_solution\web\target\classes started by openm in D:\SI\blueTree_solution\bluetree_solution\web)
[2021-02-23 13:12:06:794][restartedMain] DEBUG kr.or.btf.web.Application - Running with Spring Boot v2.3.3.RELEASE, Spring v5.2.8.RELEASE
[2021-02-23 13:12:06:794][restartedMain] INFO  kr.or.btf.web.Application - The following profiles are active: real
[2021-02-23 13:12:06:843][restartedMain] INFO  o.s.b.d.e.DevToolsPropertyDefaultsPostProcessor - Devtools property defaults active! Set 'spring.devtools.add-properties' to 'false' to disable
[2021-02-23 13:12:06:843][restartedMain] INFO  o.s.b.d.e.DevToolsPropertyDefaultsPostProcessor - For additional web related logging consider setting the 'logging.level.web' property to 'DEBUG'
[2021-02-23 13:12:06:990][restartedMain] DEBUG o.s.c.a.ClassPathBeanDefinitionScanner - Identified candidate component class: file [D:\SI\blueTree_solution\bluetree_solution\web\target\classes\kr\or\btf\web\batch\DaySchedule.class]
[2021-02-23 13:12:06:992][restartedMain] DEBUG o.s.c.a.ClassPathBeanDefinitionScanner - Identified candidate component class: file [D:\SI\blueTree_solution\bluetree_solution\web\target\classes\kr\or\btf\web\common\aop\LogAspect.class]
[2021-02-23 13:12:06:992][restartedMain] DEBUG o.s.c.a.ClassPathBeanDefinitionScanner - Identified candidate component class: file [D:\SI\blueTree_solution\bluetree_solution\web\target\classes\kr\or\btf\web\common\filters\ConnectHisFilter.class]
[2021-02-23 13:12:06:1002][restartedMain] DEBUG o.s.c.a.ClassPathBeanDefinitionScanner - Identified candidate component class: file [D:\SI\blueTree_solution\bluetree_solution\web\target\classes\kr\or\btf\web\common\service\SystemServiceImpl.class]
[2021-02-23 13:12:06:1002][restartedMain] DEBUG o.s.c.a.ClassPathBeanDefinitionScanner - Identified candidate component class: file [D:\SI\blueTree_solution\bluetree_solution\web\target\classes\kr\or\btf\web\config\AppConfig.class]
[2021-02-23 13:12:06:1002][restartedMain] DEBUG o.s.c.a.ClassPathBeanDefinitionScanner - Identified candidate component class: file [D:\SI\blueTree_solution\bluetree_solution\web\target\classes\kr\or\btf\web\config\QuerydslConfiguration.class]
[2021-02-23 13:12:06:1002][restartedMain] DEBUG o.s.c.a.ClassPathBeanDefinitionScanner - Identified candidate component class: file [D:\SI\blueTree_solution\bluetree_solution\web\target\classes\kr\or\btf\web\config\SecurityConfig.class]
[2021-02-23 13:12:06:1012][restartedMain] DEBUG o.s.c.a.ClassPathBeanDefinitionScanner - Identified candidate component class: file [D:\SI\blueTree_solution\bluetree_solution\web\target\classes\kr\or\btf\web\config\SpringAsyncConfig.class]
[2021-02-23 13:12:06:1012][restartedMain] DEBUG o.s.c.a.ClassPathBeanDefinitionScanner - Identified candidate component class: file [D:\SI\blueTree_solution\bluetree_solution\web\target\classes\kr\or\btf\web\config\WebConfig.class]
[2021-02-23 13:12:06:1012][restartedMain] DEBUG o.s.c.a.ClassPathBeanDefinitionScanner - Identified candidate component class: file [D:\SI\blueTree_solution\bluetree_solution\web\target\classes\kr\or\btf\web\config\WebDataSourceConfig.class]
[2021-02-23 13:12:06:1012][restartedMain] DEBUG o.s.c.a.ClassPathBeanDefinitionScanner - Identified candidate component class: file [D:\SI\blueTree_solution\bluetree_solution\web\target\classes\kr\or\btf\web\config\security\direct\AuthenticationConfig.class]
[2021-02-23 13:12:06:1012][restartedMain] DEBUG o.s.c.a.ClassPathBeanDefinitionScanner - Identified candidate component class: file [D:\SI\blueTree_solution\bluetree_solution\web\target\classes\kr\or\btf\web\config\security\direct\UserDetailsService.class]
[2021-02-23 13:12:06:1063][restartedMain] DEBUG o.s.c.a.ClassPathBeanDefinitionScanner - Ignored because not a concrete top-level class: file [D:\SI\blueTree_solution\bluetree_solution\web\target\classes\kr\or\btf\web\repository\web\ActionLogRepository.class]
[2021-02-23 13:12:06:1063][restartedMain] DEBUG o.s.c.a.ClassPathBeanDefinitionScanner - Ignored because not a concrete top-level class: file [D:\SI\blueTree_solution\bluetree_solution\web\target\classes\kr\or\btf\web\repository\web\AdviceAnswerRepository.class]
[2021-02-23 13:12:06:1063][restartedMain] DEBUG o.s.c.a.ClassPathBeanDefinitionScanner - Ignored because not a concrete top-level class: file [D:\SI\blueTree_solution\bluetree_solution\web\target\classes\kr\or\btf\web\repository\web\AdviceRequestRepository.class]
[2021-02-23 13:12:06:1063][restartedMain] DEBUG o.s.c.a.ClassPathBeanDefinitionScanner - Identified candidate component class: file [D:\SI\blueTree_solution\bluetree_solution\web\target\classes\kr\or\btf\web\repository\web\AdviceRequestTypeRepository.class]
[2021-02-23 13:12:06:1063][restartedMain] DEBUG o.s.c.a.ClassPathBeanDefinitionScanner - Ignored because not a concrete top-level class: file [D:\SI\blueTree_solution\bluetree_solution\web\target\classes\kr\or\btf\web\repository\web\AdviceReservationRepository.class]
[2021-02-23 13:12:06:1063][restartedMain] DEBUG o.s.c.a.ClassPathBeanDefinitionScanner - Ignored because not a concrete top-level class: file [D:\SI\blueTree_solution\bluetree_solution\web\target\classes\kr\or\btf\web\repository\web\AdviceReservationTimeRepository.class]
[2021-02-23 13:12:06:1063][restartedMain] DEBUG o.s.c.a.ClassPathBeanDefinitionScanner - Identified candidate component class: file [D:\SI\blueTree_solution\bluetree_solution\web\target\classes\kr\or\btf\web\repository\web\AdviceReservationTypeRepository.class]
[2021-02-23 13:12:06:1063][restartedMain] DEBUG o.s.c.a.ClassPathBeanDefinitionScanner - Ignored because not a concrete top-level class: file [D:\SI\blueTree_solution\bluetree_solution\web\target\classes\kr\or\btf\web\repository\web\BannerRepository.class]
[2021-02-23 13:12:06:1063][restartedMain] DEBUG o.s.c.a.ClassPathBeanDefinitionScanner - Ignored because not a concrete top-level class: file [D:\SI\blueTree_solution\bluetree_solution\web\target\classes\kr\or\btf\web\repository\web\BoardDataRepository.class]
[2021-02-23 13:12:06:1063][restartedMain] DEBUG o.s.c.a.ClassPathBeanDefinitionScanner - Ignored because not a concrete top-level class: file [D:\SI\blueTree_solution\bluetree_solution\web\target\classes\kr\or\btf\web\repository\web\BoardMasterRepository.class]
[2021-02-23 13:12:06:1063][restartedMain] DEBUG o.s.c.a.ClassPathBeanDefinitionScanner - Ignored because not a concrete top-level class: file [D:\SI\blueTree_solution\bluetree_solution\web\target\classes\kr\or\btf\web\repository\web\BoardTargetRepository.class]
[2021-02-23 13:12:06:1063][restartedMain] DEBUG o.s.c.a.ClassPathBeanDefinitionScanner - Ignored because not a concrete top-level class: file [D:\SI\blueTree_solution\bluetree_solution\web\target\classes\kr\or\btf\web\repository\web\CampaignRepository.class]
[2021-02-23 13:12:06:1063][restartedMain] DEBUG o.s.c.a.ClassPathBeanDefinitionScanner - Ignored because not a concrete top-level class: file [D:\SI\blueTree_solution\bluetree_solution\web\target\classes\kr\or\btf\web\repository\web\CertificationHisRepository.class]
[2021-02-23 13:12:06:1063][restartedMain] DEBUG o.s.c.a.ClassPathBeanDefinitionScanner - Ignored because not a concrete top-level class: file [D:\SI\blueTree_solution\bluetree_solution\web\target\classes\kr\or\btf\web\repository\web\CertificationRepository.class]
[2021-02-23 13:12:06:1063][restartedMain] DEBUG o.s.c.a.ClassPathBeanDefinitionScanner - Ignored because not a concrete top-level class: file [D:\SI\blueTree_solution\bluetree_solution\web\target\classes\kr\or\btf\web\repository\web\CommonCodeRepository.class]
[2021-02-23 13:12:06:1063][restartedMain] DEBUG o.s.c.a.ClassPathBeanDefinitionScanner - Ignored because not a concrete top-level class: file [D:\SI\blueTree_solution\bluetree_solution\web\target\classes\kr\or\btf\web\repository\web\CommonCommentRepository.class]
[2021-02-23 13:12:06:1063][restartedMain] DEBUG o.s.c.a.ClassPathBeanDefinitionScanner - Ignored because not a concrete top-level class: file [D:\SI\blueTree_solution\bluetree_solution\web\target\classes\kr\or\btf\web\repository\web\CourseHisRepository.class]
[2021-02-23 13:12:06:1071][restartedMain] DEBUG o.s.c.a.ClassPathBeanDefinitionScanner - Ignored because not a concrete top-level class: file [D:\SI\blueTree_solution\bluetree_solution\web\target\classes\kr\or\btf\web\repository\web\CourseItemRepository.class]
[2021-02-23 13:12:06:1071][restartedMain] DEBUG o.s.c.a.ClassPathBeanDefinitionScanner - Identified candidate component class: file [D:\SI\blueTree_solution\bluetree_solution\web\target\classes\kr\or\btf\web\repository\web\CourseMasterRelRepository.class]
[2021-02-23 13:12:06:1071][restartedMain] DEBUG o.s.c.a.ClassPathBeanDefinitionScanner - Ignored because not a concrete top-level class: file [D:\SI\blueTree_solution\bluetree_solution\web\target\classes\kr\or\btf\web\repository\web\CourseMasterRepository.class]
[2021-02-23 13:12:06:1071][restartedMain] DEBUG o.s.c.a.ClassPathBeanDefinitionScanner - Ignored because not a concrete top-level class: file [D:\SI\blueTree_solution\bluetree_solution\web\target\classes\kr\or\btf\web\repository\web\CourseRepository.class]
[2021-02-23 13:12:06:1071][restartedMain] DEBUG o.s.c.a.ClassPathBeanDefinitionScanner - Ignored because not a concrete top-level class: file [D:\SI\blueTree_solution\bluetree_solution\web\target\classes\kr\or\btf\web\repository\web\CourseRequestCompleteRepository.class]
[2021-02-23 13:12:06:1071][restartedMain] DEBUG o.s.c.a.ClassPathBeanDefinitionScanner - Ignored because not a concrete top-level class: file [D:\SI\blueTree_solution\bluetree_solution\web\target\classes\kr\or\btf\web\repository\web\CourseRequestRepository.class]
[2021-02-23 13:12:06:1071][restartedMain] DEBUG o.s.c.a.ClassPathBeanDefinitionScanner - Ignored because not a concrete top-level class: file [D:\SI\blueTree_solution\bluetree_solution\web\target\classes\kr\or\btf\web\repository\web\CourseTasteRepository.class]
[2021-02-23 13:12:06:1073][restartedMain] DEBUG o.s.c.a.ClassPathBeanDefinitionScanner - Ignored because not a concrete top-level class: file [D:\SI\blueTree_solution\bluetree_solution\web\target\classes\kr\or\btf\web\repository\web\EventRepository.class]
[2021-02-23 13:12:06:1073][restartedMain] DEBUG o.s.c.a.ClassPathBeanDefinitionScanner - Ignored because not a concrete top-level class: file [D:\SI\blueTree_solution\bluetree_solution\web\target\classes\kr\or\btf\web\repository\web\ExperienceRepository.class]
[2021-02-23 13:12:06:1073][restartedMain] DEBUG o.s.c.a.ClassPathBeanDefinitionScanner - Ignored because not a concrete top-level class: file [D:\SI\blueTree_solution\bluetree_solution\web\target\classes\kr\or\btf\web\repository\web\ExperienceTargetRepository.class]
[2021-02-23 13:12:06:1073][restartedMain] DEBUG o.s.c.a.ClassPathBeanDefinitionScanner - Ignored because not a concrete top-level class: file [D:\SI\blueTree_solution\bluetree_solution\web\target\classes\kr\or\btf\web\repository\web\FileDownloadHisRepository.class]
[2021-02-23 13:12:06:1073][restartedMain] DEBUG o.s.c.a.ClassPathBeanDefinitionScanner - Ignored because not a concrete top-level class: file [D:\SI\blueTree_solution\bluetree_solution\web\target\classes\kr\or\btf\web\repository\web\FileInfoRepository.class]
[2021-02-23 13:12:06:1073][restartedMain] DEBUG o.s.c.a.ClassPathBeanDefinitionScanner - Ignored because not a concrete top-level class: file [D:\SI\blueTree_solution\bluetree_solution\web\target\classes\kr\or\btf\web\repository\web\GraphDataRepository.class]
[2021-02-23 13:12:06:1073][restartedMain] DEBUG o.s.c.a.ClassPathBeanDefinitionScanner - Ignored because not a concrete top-level class: file [D:\SI\blueTree_solution\bluetree_solution\web\target\classes\kr\or\btf\web\repository\web\GraphMasterRepository.class]
[2021-02-23 13:12:06:1073][restartedMain] DEBUG o.s.c.a.ClassPathBeanDefinitionScanner - Ignored because not a concrete top-level class: file [D:\SI\blueTree_solution\bluetree_solution\web\target\classes\kr\or\btf\web\repository\web\HashTagRepository.class]
[2021-02-23 13:12:06:1073][restartedMain] DEBUG o.s.c.a.ClassPathBeanDefinitionScanner - Ignored because not a concrete top-level class: file [D:\SI\blueTree_solution\bluetree_solution\web\target\classes\kr\or\btf\web\repository\web\InspectionAnswerItemRepository.class]
[2021-02-23 13:12:06:1073][restartedMain] DEBUG o.s.c.a.ClassPathBeanDefinitionScanner - Ignored because not a concrete top-level class: file [D:\SI\blueTree_solution\bluetree_solution\web\target\classes\kr\or\btf\web\repository\web\InspectionQuestionItemRepository.class]
[2021-02-23 13:12:06:1073][restartedMain] DEBUG o.s.c.a.ClassPathBeanDefinitionScanner - Ignored because not a concrete top-level class: file [D:\SI\blueTree_solution\bluetree_solution\web\target\classes\kr\or\btf\web\repository\web\InspectionRepository.class]
[2021-02-23 13:12:06:1073][restartedMain] DEBUG o.s.c.a.ClassPathBeanDefinitionScanner - Ignored because not a concrete top-level class: file [D:\SI\blueTree_solution\bluetree_solution\web\target\classes\kr\or\btf\web\repository\web\InspectionResponsePersonRepository.class]
[2021-02-23 13:12:06:1073][restartedMain] DEBUG o.s.c.a.ClassPathBeanDefinitionScanner - Ignored because not a concrete top-level class: file [D:\SI\blueTree_solution\bluetree_solution\web\target\classes\kr\or\btf\web\repository\web\InspectionResponseRepository.class]
[2021-02-23 13:12:06:1073][restartedMain] DEBUG o.s.c.a.ClassPathBeanDefinitionScanner - Ignored because not a concrete top-level class: file [D:\SI\blueTree_solution\bluetree_solution\web\target\classes\kr\or\btf\web\repository\web\LoginCnntLogsRepository.class]
[2021-02-23 13:12:06:1073][restartedMain] DEBUG o.s.c.a.ClassPathBeanDefinitionScanner - Ignored because not a concrete top-level class: file [D:\SI\blueTree_solution\bluetree_solution\web\target\classes\kr\or\btf\web\repository\web\MemberLogRepository.class]
[2021-02-23 13:12:06:1073][restartedMain] DEBUG o.s.c.a.ClassPathBeanDefinitionScanner - Ignored because not a concrete top-level class: file [D:\SI\blueTree_solution\bluetree_solution\web\target\classes\kr\or\btf\web\repository\web\MemberParentRepository.class]
[2021-02-23 13:12:06:1073][restartedMain] DEBUG o.s.c.a.ClassPathBeanDefinitionScanner - Ignored because not a concrete top-level class: file [D:\SI\blueTree_solution\bluetree_solution\web\target\classes\kr\or\btf\web\repository\web\MemberRepository.class]
[2021-02-23 13:12:06:1073][restartedMain] DEBUG o.s.c.a.ClassPathBeanDefinitionScanner - Ignored because not a concrete top-level class: file [D:\SI\blueTree_solution\bluetree_solution\web\target\classes\kr\or\btf\web\repository\web\MemberRollRepository.class]
[2021-02-23 13:12:06:1073][restartedMain] DEBUG o.s.c.a.ClassPathBeanDefinitionScanner - Ignored because not a concrete top-level class: file [D:\SI\blueTree_solution\bluetree_solution\web\target\classes\kr\or\btf\web\repository\web\MemberSchoolLogRepository.class]
[2021-02-23 13:12:06:1073][restartedMain] DEBUG o.s.c.a.ClassPathBeanDefinitionScanner - Ignored because not a concrete top-level class: file [D:\SI\blueTree_solution\bluetree_solution\web\target\classes\kr\or\btf\web\repository\web\MemberSchoolRepository.class]
[2021-02-23 13:12:06:1073][restartedMain] DEBUG o.s.c.a.ClassPathBeanDefinitionScanner - Ignored because not a concrete top-level class: file [D:\SI\blueTree_solution\bluetree_solution\web\target\classes\kr\or\btf\web\repository\web\MemberTeacherLogRepository.class]
[2021-02-23 13:12:06:1073][restartedMain] DEBUG o.s.c.a.ClassPathBeanDefinitionScanner - Ignored because not a concrete top-level class: file [D:\SI\blueTree_solution\bluetree_solution\web\target\classes\kr\or\btf\web\repository\web\MemberTeacherRepository.class]
[2021-02-23 13:12:06:1073][restartedMain] DEBUG o.s.c.a.ClassPathBeanDefinitionScanner - Identified candidate component class: file [D:\SI\blueTree_solution\bluetree_solution\web\target\classes\kr\or\btf\web\repository\web\MngMenuAuthRepository.class]
[2021-02-23 13:12:06:1073][restartedMain] DEBUG o.s.c.a.ClassPathBeanDefinitionScanner - Ignored because not a concrete top-level class: file [D:\SI\blueTree_solution\bluetree_solution\web\target\classes\kr\or\btf\web\repository\web\MngMenuRepository.class]
[2021-02-23 13:12:06:1073][restartedMain] DEBUG o.s.c.a.ClassPathBeanDefinitionScanner - Ignored because not a concrete top-level class: file [D:\SI\blueTree_solution\bluetree_solution\web\target\classes\kr\or\btf\web\repository\web\MobileAuthLogRepository.class]
[2021-02-23 13:12:06:1073][restartedMain] DEBUG o.s.c.a.ClassPathBeanDefinitionScanner - Ignored because not a concrete top-level class: file [D:\SI\blueTree_solution\bluetree_solution\web\target\classes\kr\or\btf\web\repository\web\MyBoardDataRepository.class]
[2021-02-23 13:12:06:1073][restartedMain] DEBUG o.s.c.a.ClassPathBeanDefinitionScanner - Ignored because not a concrete top-level class: file [D:\SI\blueTree_solution\bluetree_solution\web\target\classes\kr\or\btf\web\repository\web\PeerAnswerItemRepository.class]
[2021-02-23 13:12:06:1073][restartedMain] DEBUG o.s.c.a.ClassPathBeanDefinitionScanner - Ignored because not a concrete top-level class: file [D:\SI\blueTree_solution\bluetree_solution\web\target\classes\kr\or\btf\web\repository\web\PeerQuestionItemRepository.class]
[2021-02-23 13:12:06:1073][restartedMain] DEBUG o.s.c.a.ClassPathBeanDefinitionScanner - Ignored because not a concrete top-level class: file [D:\SI\blueTree_solution\bluetree_solution\web\target\classes\kr\or\btf\web\repository\web\PeerRepository.class]
[2021-02-23 13:12:06:1073][restartedMain] DEBUG o.s.c.a.ClassPathBeanDefinitionScanner - Ignored because not a concrete top-level class: file [D:\SI\blueTree_solution\bluetree_solution\web\target\classes\kr\or\btf\web\repository\web\PeerResponsePersonRepository.class]
[2021-02-23 13:12:06:1073][restartedMain] DEBUG o.s.c.a.ClassPathBeanDefinitionScanner - Ignored because not a concrete top-level class: file [D:\SI\blueTree_solution\bluetree_solution\web\target\classes\kr\or\btf\web\repository\web\PeerResponseRepository.class]
[2021-02-23 13:12:06:1073][restartedMain] DEBUG o.s.c.a.ClassPathBeanDefinitionScanner - Ignored because not a concrete top-level class: file [D:\SI\blueTree_solution\bluetree_solution\web\target\classes\kr\or\btf\web\repository\web\PlayLogRepository.class]
[2021-02-23 13:12:06:1073][restartedMain] DEBUG o.s.c.a.ClassPathBeanDefinitionScanner - Ignored because not a concrete top-level class: file [D:\SI\blueTree_solution\bluetree_solution\web\target\classes\kr\or\btf\web\repository\web\PointHisRepository.class]
[2021-02-23 13:12:06:1073][restartedMain] DEBUG o.s.c.a.ClassPathBeanDefinitionScanner - Ignored because not a concrete top-level class: file [D:\SI\blueTree_solution\bluetree_solution\web\target\classes\kr\or\btf\web\repository\web\PostscriptImageRepository.class]
[2021-02-23 13:12:06:1073][restartedMain] DEBUG o.s.c.a.ClassPathBeanDefinitionScanner - Ignored because not a concrete top-level class: file [D:\SI\blueTree_solution\bluetree_solution\web\target\classes\kr\or\btf\web\repository\web\PostscriptRepository.class]
[2021-02-23 13:12:06:1073][restartedMain] DEBUG o.s.c.a.ClassPathBeanDefinitionScanner - Ignored because not a concrete top-level class: file [D:\SI\blueTree_solution\bluetree_solution\web\target\classes\kr\or\btf\web\repository\web\SearchLogRepository.class]
[2021-02-23 13:12:06:1073][restartedMain] DEBUG o.s.c.a.ClassPathBeanDefinitionScanner - Ignored because not a concrete top-level class: file [D:\SI\blueTree_solution\bluetree_solution\web\target\classes\kr\or\btf\web\repository\web\SurveyAnswerItemRepository.class]
[2021-02-23 13:12:06:1081][restartedMain] DEBUG o.s.c.a.ClassPathBeanDefinitionScanner - Ignored because not a concrete top-level class: file [D:\SI\blueTree_solution\bluetree_solution\web\target\classes\kr\or\btf\web\repository\web\SurveyQuestionItemRepository.class]
[2021-02-23 13:12:06:1081][restartedMain] DEBUG o.s.c.a.ClassPathBeanDefinitionScanner - Ignored because not a concrete top-level class: file [D:\SI\blueTree_solution\bluetree_solution\web\target\classes\kr\or\btf\web\repository\web\SurveyRepository.class]
[2021-02-23 13:12:06:1081][restartedMain] DEBUG o.s.c.a.ClassPathBeanDefinitionScanner - Ignored because not a concrete top-level class: file [D:\SI\blueTree_solution\bluetree_solution\web\target\classes\kr\or\btf\web\repository\web\SurveyResponsePersonRepository.class]
[2021-02-23 13:12:06:1081][restartedMain] DEBUG o.s.c.a.ClassPathBeanDefinitionScanner - Ignored because not a concrete top-level class: file [D:\SI\blueTree_solution\bluetree_solution\web\target\classes\kr\or\btf\web\repository\web\SurveyResponseRepository.class]
[2021-02-23 13:12:06:1083][restartedMain] DEBUG o.s.c.a.ClassPathBeanDefinitionScanner - Identified candidate component class: file [D:\SI\blueTree_solution\bluetree_solution\web\target\classes\kr\or\btf\web\services\web\ActionLogService.class]
[2021-02-23 13:12:06:1083][restartedMain] DEBUG o.s.c.a.ClassPathBeanDefinitionScanner - Identified candidate component class: file [D:\SI\blueTree_solution\bluetree_solution\web\target\classes\kr\or\btf\web\services\web\AdviceAnswerService.class]
[2021-02-23 13:12:06:1083][restartedMain] DEBUG o.s.c.a.ClassPathBeanDefinitionScanner - Identified candidate component class: file [D:\SI\blueTree_solution\bluetree_solution\web\target\classes\kr\or\btf\web\services\web\AdviceRequestService.class]
[2021-02-23 13:12:06:1083][restartedMain] DEBUG o.s.c.a.ClassPathBeanDefinitionScanner - Identified candidate component class: file [D:\SI\blueTree_solution\bluetree_solution\web\target\classes\kr\or\btf\web\services\web\AdviceRequestTypeService.class]
[2021-02-23 13:12:06:1083][restartedMain] DEBUG o.s.c.a.ClassPathBeanDefinitionScanner - Identified candidate component class: file [D:\SI\blueTree_solution\bluetree_solution\web\target\classes\kr\or\btf\web\services\web\AdviceReservationService.class]
[2021-02-23 13:12:06:1083][restartedMain] DEBUG o.s.c.a.ClassPathBeanDefinitionScanner - Identified candidate component class: file [D:\SI\blueTree_solution\bluetree_solution\web\target\classes\kr\or\btf\web\services\web\AdviceReservationTimeService.class]
[2021-02-23 13:12:06:1083][restartedMain] DEBUG o.s.c.a.ClassPathBeanDefinitionScanner - Identified candidate component class: file [D:\SI\blueTree_solution\bluetree_solution\web\target\classes\kr\or\btf\web\services\web\AdviceReservationTypeService.class]
[2021-02-23 13:12:06:1083][restartedMain] DEBUG o.s.c.a.ClassPathBeanDefinitionScanner - Identified candidate component class: file [D:\SI\blueTree_solution\bluetree_solution\web\target\classes\kr\or\btf\web\services\web\BannerService.class]
[2021-02-23 13:12:06:1083][restartedMain] DEBUG o.s.c.a.ClassPathBeanDefinitionScanner - Identified candidate component class: file [D:\SI\blueTree_solution\bluetree_solution\web\target\classes\kr\or\btf\web\services\web\BoardDataService.class]
[2021-02-23 13:12:06:1083][restartedMain] DEBUG o.s.c.a.ClassPathBeanDefinitionScanner - Identified candidate component class: file [D:\SI\blueTree_solution\bluetree_solution\web\target\classes\kr\or\btf\web\services\web\BoardMasterService.class]
[2021-02-23 13:12:06:1083][restartedMain] DEBUG o.s.c.a.ClassPathBeanDefinitionScanner - Identified candidate component class: file [D:\SI\blueTree_solution\bluetree_solution\web\target\classes\kr\or\btf\web\services\web\BoardTargetService.class]
[2021-02-23 13:12:06:1083][restartedMain] DEBUG o.s.c.a.ClassPathBeanDefinitionScanner - Identified candidate component class: file [D:\SI\blueTree_solution\bluetree_solution\web\target\classes\kr\or\btf\web\services\web\CampaignService.class]
[2021-02-23 13:12:06:1083][restartedMain] DEBUG o.s.c.a.ClassPathBeanDefinitionScanner - Identified candidate component class: file [D:\SI\blueTree_solution\bluetree_solution\web\target\classes\kr\or\btf\web\services\web\CertificationHisService.class]
[2021-02-23 13:12:06:1083][restartedMain] DEBUG o.s.c.a.ClassPathBeanDefinitionScanner - Identified candidate component class: file [D:\SI\blueTree_solution\bluetree_solution\web\target\classes\kr\or\btf\web\services\web\CertificationService.class]
[2021-02-23 13:12:06:1083][restartedMain] DEBUG o.s.c.a.ClassPathBeanDefinitionScanner - Identified candidate component class: file [D:\SI\blueTree_solution\bluetree_solution\web\target\classes\kr\or\btf\web\services\web\CommonCodeService.class]
[2021-02-23 13:12:06:1083][restartedMain] DEBUG o.s.c.a.ClassPathBeanDefinitionScanner - Identified candidate component class: file [D:\SI\blueTree_solution\bluetree_solution\web\target\classes\kr\or\btf\web\services\web\CommonCommentService.class]
[2021-02-23 13:12:06:1083][restartedMain] DEBUG o.s.c.a.ClassPathBeanDefinitionScanner - Identified candidate component class: file [D:\SI\blueTree_solution\bluetree_solution\web\target\classes\kr\or\btf\web\services\web\CourseHisService.class]
[2021-02-23 13:12:06:1083][restartedMain] DEBUG o.s.c.a.ClassPathBeanDefinitionScanner - Identified candidate component class: file [D:\SI\blueTree_solution\bluetree_solution\web\target\classes\kr\or\btf\web\services\web\CourseItemService.class]
[2021-02-23 13:12:06:1083][restartedMain] DEBUG o.s.c.a.ClassPathBeanDefinitionScanner - Identified candidate component class: file [D:\SI\blueTree_solution\bluetree_solution\web\target\classes\kr\or\btf\web\services\web\CourseMasterRelService.class]
[2021-02-23 13:12:06:1083][restartedMain] DEBUG o.s.c.a.ClassPathBeanDefinitionScanner - Identified candidate component class: file [D:\SI\blueTree_solution\bluetree_solution\web\target\classes\kr\or\btf\web\services\web\CourseMasterService.class]
[2021-02-23 13:12:06:1083][restartedMain] DEBUG o.s.c.a.ClassPathBeanDefinitionScanner - Identified candidate component class: file [D:\SI\blueTree_solution\bluetree_solution\web\target\classes\kr\or\btf\web\services\web\CourseRequestCompleteService.class]
[2021-02-23 13:12:06:1083][restartedMain] DEBUG o.s.c.a.ClassPathBeanDefinitionScanner - Identified candidate component class: file [D:\SI\blueTree_solution\bluetree_solution\web\target\classes\kr\or\btf\web\services\web\CourseRequestService.class]
[2021-02-23 13:12:06:1083][restartedMain] DEBUG o.s.c.a.ClassPathBeanDefinitionScanner - Identified candidate component class: file [D:\SI\blueTree_solution\bluetree_solution\web\target\classes\kr\or\btf\web\services\web\CourseService.class]
[2021-02-23 13:12:06:1083][restartedMain] DEBUG o.s.c.a.ClassPathBeanDefinitionScanner - Identified candidate component class: file [D:\SI\blueTree_solution\bluetree_solution\web\target\classes\kr\or\btf\web\services\web\CourseTasteService.class]
[2021-02-23 13:12:06:1083][restartedMain] DEBUG o.s.c.a.ClassPathBeanDefinitionScanner - Identified candidate component class: file [D:\SI\blueTree_solution\bluetree_solution\web\target\classes\kr\or\btf\web\services\web\EventService.class]
[2021-02-23 13:12:06:1083][restartedMain] DEBUG o.s.c.a.ClassPathBeanDefinitionScanner - Identified candidate component class: file [D:\SI\blueTree_solution\bluetree_solution\web\target\classes\kr\or\btf\web\services\web\ExperienceService.class]
[2021-02-23 13:12:06:1091][restartedMain] DEBUG o.s.c.a.ClassPathBeanDefinitionScanner - Identified candidate component class: file [D:\SI\blueTree_solution\bluetree_solution\web\target\classes\kr\or\btf\web\services\web\ExperienceTargetService.class]
[2021-02-23 13:12:06:1091][restartedMain] DEBUG o.s.c.a.ClassPathBeanDefinitionScanner - Identified candidate component class: file [D:\SI\blueTree_solution\bluetree_solution\web\target\classes\kr\or\btf\web\services\web\FileDownloadHisService.class]
[2021-02-23 13:12:06:1091][restartedMain] DEBUG o.s.c.a.ClassPathBeanDefinitionScanner - Identified candidate component class: file [D:\SI\blueTree_solution\bluetree_solution\web\target\classes\kr\or\btf\web\services\web\FileInfoService.class]
[2021-02-23 13:12:06:1091][restartedMain] DEBUG o.s.c.a.ClassPathBeanDefinitionScanner - Identified candidate component class: file [D:\SI\blueTree_solution\bluetree_solution\web\target\classes\kr\or\btf\web\services\web\GraphDataService.class]
[2021-02-23 13:12:06:1091][restartedMain] DEBUG o.s.c.a.ClassPathBeanDefinitionScanner - Identified candidate component class: file [D:\SI\blueTree_solution\bluetree_solution\web\target\classes\kr\or\btf\web\services\web\GraphMasterService.class]
[2021-02-23 13:12:06:1091][restartedMain] DEBUG o.s.c.a.ClassPathBeanDefinitionScanner - Identified candidate component class: file [D:\SI\blueTree_solution\bluetree_solution\web\target\classes\kr\or\btf\web\services\web\HashTagService.class]
[2021-02-23 13:12:06:1091][restartedMain] DEBUG o.s.c.a.ClassPathBeanDefinitionScanner - Identified candidate component class: file [D:\SI\blueTree_solution\bluetree_solution\web\target\classes\kr\or\btf\web\services\web\InspectionAnswerItemService.class]
[2021-02-23 13:12:06:1091][restartedMain] DEBUG o.s.c.a.ClassPathBeanDefinitionScanner - Identified candidate component class: file [D:\SI\blueTree_solution\bluetree_solution\web\target\classes\kr\or\btf\web\services\web\InspectionQuestionItemService.class]
[2021-02-23 13:12:06:1093][restartedMain] DEBUG o.s.c.a.ClassPathBeanDefinitionScanner - Identified candidate component class: file [D:\SI\blueTree_solution\bluetree_solution\web\target\classes\kr\or\btf\web\services\web\InspectionResponsePersonService.class]
[2021-02-23 13:12:06:1093][restartedMain] DEBUG o.s.c.a.ClassPathBeanDefinitionScanner - Identified candidate component class: file [D:\SI\blueTree_solution\bluetree_solution\web\target\classes\kr\or\btf\web\services\web\InspectionResponseService.class]
[2021-02-23 13:12:06:1093][restartedMain] DEBUG o.s.c.a.ClassPathBeanDefinitionScanner - Identified candidate component class: file [D:\SI\blueTree_solution\bluetree_solution\web\target\classes\kr\or\btf\web\services\web\InspectionService.class]
[2021-02-23 13:12:06:1093][restartedMain] DEBUG o.s.c.a.ClassPathBeanDefinitionScanner - Identified candidate component class: file [D:\SI\blueTree_solution\bluetree_solution\web\target\classes\kr\or\btf\web\services\web\LoginCnntLogsService.class]
[2021-02-23 13:12:06:1093][restartedMain] DEBUG o.s.c.a.ClassPathBeanDefinitionScanner - Identified candidate component class: file [D:\SI\blueTree_solution\bluetree_solution\web\target\classes\kr\or\btf\web\services\web\MailService.class]
[2021-02-23 13:12:06:1093][restartedMain] DEBUG o.s.c.a.ClassPathBeanDefinitionScanner - Identified candidate component class: file [D:\SI\blueTree_solution\bluetree_solution\web\target\classes\kr\or\btf\web\services\web\MemberParentService.class]
[2021-02-23 13:12:06:1093][restartedMain] DEBUG o.s.c.a.ClassPathBeanDefinitionScanner - Identified candidate component class: file [D:\SI\blueTree_solution\bluetree_solution\web\target\classes\kr\or\btf\web\services\web\MemberRollService.class]
[2021-02-23 13:12:06:1093][restartedMain] DEBUG o.s.c.a.ClassPathBeanDefinitionScanner - Identified candidate component class: file [D:\SI\blueTree_solution\bluetree_solution\web\target\classes\kr\or\btf\web\services\web\MemberSchoolLogService.class]
[2021-02-23 13:12:06:1093][restartedMain] DEBUG o.s.c.a.ClassPathBeanDefinitionScanner - Identified candidate component class: file [D:\SI\blueTree_solution\bluetree_solution\web\target\classes\kr\or\btf\web\services\web\MemberSchoolService.class]
[2021-02-23 13:12:06:1093][restartedMain] DEBUG o.s.c.a.ClassPathBeanDefinitionScanner - Identified candidate component class: file [D:\SI\blueTree_solution\bluetree_solution\web\target\classes\kr\or\btf\web\services\web\MemberService.class]
[2021-02-23 13:12:06:1093][restartedMain] DEBUG o.s.c.a.ClassPathBeanDefinitionScanner - Identified candidate component class: file [D:\SI\blueTree_solution\bluetree_solution\web\target\classes\kr\or\btf\web\services\web\MemberTeacherLogService.class]
[2021-02-23 13:12:06:1093][restartedMain] DEBUG o.s.c.a.ClassPathBeanDefinitionScanner - Identified candidate component class: file [D:\SI\blueTree_solution\bluetree_solution\web\target\classes\kr\or\btf\web\services\web\MemberTeacherService.class]
[2021-02-23 13:12:06:1093][restartedMain] DEBUG o.s.c.a.ClassPathBeanDefinitionScanner - Identified candidate component class: file [D:\SI\blueTree_solution\bluetree_solution\web\target\classes\kr\or\btf\web\services\web\MngMenuAuthService.class]
[2021-02-23 13:12:06:1093][restartedMain] DEBUG o.s.c.a.ClassPathBeanDefinitionScanner - Identified candidate component class: file [D:\SI\blueTree_solution\bluetree_solution\web\target\classes\kr\or\btf\web\services\web\MngMenuService.class]
[2021-02-23 13:12:06:1093][restartedMain] DEBUG o.s.c.a.ClassPathBeanDefinitionScanner - Identified candidate component class: file [D:\SI\blueTree_solution\bluetree_solution\web\target\classes\kr\or\btf\web\services\web\MobileAuthLogService.class]
[2021-02-23 13:12:06:1093][restartedMain] DEBUG o.s.c.a.ClassPathBeanDefinitionScanner - Identified candidate component class: file [D:\SI\blueTree_solution\bluetree_solution\web\target\classes\kr\or\btf\web\services\web\MyBoardDataService.class]
[2021-02-23 13:12:06:1093][restartedMain] DEBUG o.s.c.a.ClassPathBeanDefinitionScanner - Identified candidate component class: file [D:\SI\blueTree_solution\bluetree_solution\web\target\classes\kr\or\btf\web\services\web\PeerAnswerItemService.class]
[2021-02-23 13:12:06:1093][restartedMain] DEBUG o.s.c.a.ClassPathBeanDefinitionScanner - Identified candidate component class: file [D:\SI\blueTree_solution\bluetree_solution\web\target\classes\kr\or\btf\web\services\web\PeerQuestionItemService.class]
[2021-02-23 13:12:06:1093][restartedMain] DEBUG o.s.c.a.ClassPathBeanDefinitionScanner - Identified candidate component class: file [D:\SI\blueTree_solution\bluetree_solution\web\target\classes\kr\or\btf\web\services\web\PeerResponsePersonService.class]
[2021-02-23 13:12:06:1093][restartedMain] DEBUG o.s.c.a.ClassPathBeanDefinitionScanner - Identified candidate component class: file [D:\SI\blueTree_solution\bluetree_solution\web\target\classes\kr\or\btf\web\services\web\PeerResponseService.class]
[2021-02-23 13:12:06:1093][restartedMain] DEBUG o.s.c.a.ClassPathBeanDefinitionScanner - Identified candidate component class: file [D:\SI\blueTree_solution\bluetree_solution\web\target\classes\kr\or\btf\web\services\web\PeerService.class]
[2021-02-23 13:12:06:1093][restartedMain] DEBUG o.s.c.a.ClassPathBeanDefinitionScanner - Identified candidate component class: file [D:\SI\blueTree_solution\bluetree_solution\web\target\classes\kr\or\btf\web\services\web\PlayLogService.class]
[2021-02-23 13:12:06:1093][restartedMain] DEBUG o.s.c.a.ClassPathBeanDefinitionScanner - Identified candidate component class: file [D:\SI\blueTree_solution\bluetree_solution\web\target\classes\kr\or\btf\web\services\web\PointHisService.class]
[2021-02-23 13:12:06:1093][restartedMain] DEBUG o.s.c.a.ClassPathBeanDefinitionScanner - Identified candidate component class: file [D:\SI\blueTree_solution\bluetree_solution\web\target\classes\kr\or\btf\web\services\web\PointService.class]
[2021-02-23 13:12:06:1093][restartedMain] DEBUG o.s.c.a.ClassPathBeanDefinitionScanner - Identified candidate component class: file [D:\SI\blueTree_solution\bluetree_solution\web\target\classes\kr\or\btf\web\services\web\PostscriptImageService.class]
[2021-02-23 13:12:06:1093][restartedMain] DEBUG o.s.c.a.ClassPathBeanDefinitionScanner - Identified candidate component class: file [D:\SI\blueTree_solution\bluetree_solution\web\target\classes\kr\or\btf\web\services\web\PostscriptService.class]
[2021-02-23 13:12:06:1093][restartedMain] DEBUG o.s.c.a.ClassPathBeanDefinitionScanner - Identified candidate component class: file [D:\SI\blueTree_solution\bluetree_solution\web\target\classes\kr\or\btf\web\services\web\SearchLogService.class]
[2021-02-23 13:12:06:1093][restartedMain] DEBUG o.s.c.a.ClassPathBeanDefinitionScanner - Identified candidate component class: file [D:\SI\blueTree_solution\bluetree_solution\web\target\classes\kr\or\btf\web\services\web\SurveyAnswerItemService.class]
[2021-02-23 13:12:06:1093][restartedMain] DEBUG o.s.c.a.ClassPathBeanDefinitionScanner - Identified candidate component class: file [D:\SI\blueTree_solution\bluetree_solution\web\target\classes\kr\or\btf\web\services\web\SurveyQuestionItemService.class]
[2021-02-23 13:12:06:1093][restartedMain] DEBUG o.s.c.a.ClassPathBeanDefinitionScanner - Identified candidate component class: file [D:\SI\blueTree_solution\bluetree_solution\web\target\classes\kr\or\btf\web\services\web\SurveyResponsePersonService.class]
[2021-02-23 13:12:06:1093][restartedMain] DEBUG o.s.c.a.ClassPathBeanDefinitionScanner - Identified candidate component class: file [D:\SI\blueTree_solution\bluetree_solution\web\target\classes\kr\or\btf\web\services\web\SurveyResponseService.class]
[2021-02-23 13:12:06:1093][restartedMain] DEBUG o.s.c.a.ClassPathBeanDefinitionScanner - Identified candidate component class: file [D:\SI\blueTree_solution\bluetree_solution\web\target\classes\kr\or\btf\web\services\web\SurveyService.class]
[2021-02-23 13:12:06:1093][restartedMain] DEBUG o.s.c.a.ClassPathBeanDefinitionScanner - Identified candidate component class: file [D:\SI\blueTree_solution\bluetree_solution\web\target\classes\kr\or\btf\web\utils\ExcelParseHelper.class]
[2021-02-23 13:12:06:1101][restartedMain] DEBUG o.s.c.a.ClassPathBeanDefinitionScanner - Identified candidate component class: file [D:\SI\blueTree_solution\bluetree_solution\web\target\classes\kr\or\btf\web\utils\FileUtilHelper.class]
[2021-02-23 13:12:06:1101][restartedMain] DEBUG o.s.c.a.ClassPathBeanDefinitionScanner - Identified candidate component class: file [D:\SI\blueTree_solution\bluetree_solution\web\target\classes\kr\or\btf\web\utils\HttpUtil.class]
[2021-02-23 13:12:06:1103][restartedMain] DEBUG o.s.c.a.ClassPathBeanDefinitionScanner - Identified candidate component class: file [D:\SI\blueTree_solution\bluetree_solution\web\target\classes\kr\or\btf\web\web\MessageHandler.class]
[2021-02-23 13:12:06:1111][restartedMain] DEBUG o.s.c.a.ClassPathBeanDefinitionScanner - Identified candidate component class: file [D:\SI\blueTree_solution\bluetree_solution\web\target\classes\kr\or\btf\web\web\controller\BannerController.class]
[2021-02-23 13:12:06:1111][restartedMain] DEBUG o.s.c.a.ClassPathBeanDefinitionScanner - Identified candidate component class: file [D:\SI\blueTree_solution\bluetree_solution\web\target\classes\kr\or\btf\web\web\controller\BoardController.class]
[2021-02-23 13:12:06:1111][restartedMain] DEBUG o.s.c.a.ClassPathBeanDefinitionScanner - Identified candidate component class: file [D:\SI\blueTree_solution\bluetree_solution\web\target\classes\kr\or\btf\web\web\controller\BoardMasterController.class]
[2021-02-23 13:12:06:1111][restartedMain] DEBUG o.s.c.a.ClassPathBeanDefinitionScanner - Identified candidate component class: file [D:\SI\blueTree_solution\bluetree_solution\web\target\classes\kr\or\btf\web\web\controller\CampaignController.class]
[2021-02-23 13:12:06:1113][restartedMain] DEBUG o.s.c.a.ClassPathBeanDefinitionScanner - Identified candidate component class: file [D:\SI\blueTree_solution\bluetree_solution\web\target\classes\kr\or\btf\web\web\controller\CommonCodeController.class]
[2021-02-23 13:12:06:1113][restartedMain] DEBUG o.s.c.a.ClassPathBeanDefinitionScanner - Identified candidate component class: file [D:\SI\blueTree_solution\bluetree_solution\web\target\classes\kr\or\btf\web\web\controller\CommonController.class]
[2021-02-23 13:12:06:1113][restartedMain] DEBUG o.s.c.a.ClassPathBeanDefinitionScanner - Identified candidate component class: file [D:\SI\blueTree_solution\bluetree_solution\web\target\classes\kr\or\btf\web\web\controller\CounselingController.class]
[2021-02-23 13:12:06:1113][restartedMain] DEBUG o.s.c.a.ClassPathBeanDefinitionScanner - Identified candidate component class: file [D:\SI\blueTree_solution\bluetree_solution\web\target\classes\kr\or\btf\web\web\controller\CourseController.class]
[2021-02-23 13:12:06:1113][restartedMain] DEBUG o.s.c.a.ClassPathBeanDefinitionScanner - Identified candidate component class: file [D:\SI\blueTree_solution\bluetree_solution\web\target\classes\kr\or\btf\web\web\controller\CourseItemController.class]
[2021-02-23 13:12:06:1113][restartedMain] DEBUG o.s.c.a.ClassPathBeanDefinitionScanner - Identified candidate component class: file [D:\SI\blueTree_solution\bluetree_solution\web\target\classes\kr\or\btf\web\web\controller\CourseMasterController.class]
[2021-02-23 13:12:06:1113][restartedMain] DEBUG o.s.c.a.ClassPathBeanDefinitionScanner - Identified candidate component class: file [D:\SI\blueTree_solution\bluetree_solution\web\target\classes\kr\or\btf\web\web\controller\CourseTasteController.class]
[2021-02-23 13:12:06:1113][restartedMain] DEBUG o.s.c.a.ClassPathBeanDefinitionScanner - Identified candidate component class: file [D:\SI\blueTree_solution\bluetree_solution\web\target\classes\kr\or\btf\web\web\controller\EventController.class]
[2021-02-23 13:12:06:1113][restartedMain] DEBUG o.s.c.a.ClassPathBeanDefinitionScanner - Identified candidate component class: file [D:\SI\blueTree_solution\bluetree_solution\web\target\classes\kr\or\btf\web\web\controller\ExperienceController.class]
[2021-02-23 13:12:06:1113][restartedMain] DEBUG o.s.c.a.ClassPathBeanDefinitionScanner - Identified candidate component class: file [D:\SI\blueTree_solution\bluetree_solution\web\target\classes\kr\or\btf\web\web\controller\FieldEduController.class]
[2021-02-23 13:12:06:1113][restartedMain] DEBUG o.s.c.a.ClassPathBeanDefinitionScanner - Identified candidate component class: file [D:\SI\blueTree_solution\bluetree_solution\web\target\classes\kr\or\btf\web\web\controller\GraphController.class]
[2021-02-23 13:12:06:1113][restartedMain] DEBUG o.s.c.a.ClassPathBeanDefinitionScanner - Identified candidate component class: file [D:\SI\blueTree_solution\bluetree_solution\web\target\classes\kr\or\btf\web\web\controller\InspectionController.class]
[2021-02-23 13:12:06:1113][restartedMain] DEBUG o.s.c.a.ClassPathBeanDefinitionScanner - Identified candidate component class: file [D:\SI\blueTree_solution\bluetree_solution\web\target\classes\kr\or\btf\web\web\controller\LoginController.class]
[2021-02-23 13:12:06:1113][restartedMain] DEBUG o.s.c.a.ClassPathBeanDefinitionScanner - Identified candidate component class: file [D:\SI\blueTree_solution\bluetree_solution\web\target\classes\kr\or\btf\web\web\controller\MainController.class]
[2021-02-23 13:12:06:1113][restartedMain] DEBUG o.s.c.a.ClassPathBeanDefinitionScanner - Identified candidate component class: file [D:\SI\blueTree_solution\bluetree_solution\web\target\classes\kr\or\btf\web\web\controller\MemberController.class]
[2021-02-23 13:12:06:1113][restartedMain] DEBUG o.s.c.a.ClassPathBeanDefinitionScanner - Identified candidate component class: file [D:\SI\blueTree_solution\bluetree_solution\web\target\classes\kr\or\btf\web\web\controller\MngMenuAuthController.class]
[2021-02-23 13:12:06:1113][restartedMain] DEBUG o.s.c.a.ClassPathBeanDefinitionScanner - Identified candidate component class: file [D:\SI\blueTree_solution\bluetree_solution\web\target\classes\kr\or\btf\web\web\controller\MngMenuController.class]
[2021-02-23 13:12:06:1113][restartedMain] DEBUG o.s.c.a.ClassPathBeanDefinitionScanner - Identified candidate component class: file [D:\SI\blueTree_solution\bluetree_solution\web\target\classes\kr\or\btf\web\web\controller\OpenDataApiController.class]
[2021-02-23 13:12:06:1113][restartedMain] DEBUG o.s.c.a.ClassPathBeanDefinitionScanner - Identified candidate component class: file [D:\SI\blueTree_solution\bluetree_solution\web\target\classes\kr\or\btf\web\web\controller\PeerController.class]
[2021-02-23 13:12:06:1113][restartedMain] DEBUG o.s.c.a.ClassPathBeanDefinitionScanner - Identified candidate component class: file [D:\SI\blueTree_solution\bluetree_solution\web\target\classes\kr\or\btf\web\web\controller\PostscriptController.class]
[2021-02-23 13:12:06:1113][restartedMain] DEBUG o.s.c.a.ClassPathBeanDefinitionScanner - Identified candidate component class: file [D:\SI\blueTree_solution\bluetree_solution\web\target\classes\kr\or\btf\web\web\controller\SoulGodController.class]
[2021-02-23 13:12:06:1113][restartedMain] DEBUG o.s.c.a.ClassPathBeanDefinitionScanner - Identified candidate component class: file [D:\SI\blueTree_solution\bluetree_solution\web\target\classes\kr\or\btf\web\web\controller\SurveyController.class]
[2021-02-23 13:12:06:1121][restartedMain] DEBUG o.s.c.a.ClassPathBeanDefinitionScanner - Identified candidate component class: file [D:\SI\blueTree_solution\bluetree_solution\web\target\classes\kr\or\btf\web\web\controller\pages\ActivityController.class]
[2021-02-23 13:12:06:1121][restartedMain] DEBUG o.s.c.a.ClassPathBeanDefinitionScanner - Identified candidate component class: file [D:\SI\blueTree_solution\bluetree_solution\web\target\classes\kr\or\btf\web\web\controller\pages\BlueElephantController.class]
[2021-02-23 13:12:06:1121][restartedMain] DEBUG o.s.c.a.ClassPathBeanDefinitionScanner - Identified candidate component class: file [D:\SI\blueTree_solution\bluetree_solution\web\target\classes\kr\or\btf\web\web\controller\pages\ClassRegisController.class]
[2021-02-23 13:12:06:1121][restartedMain] DEBUG o.s.c.a.ClassPathBeanDefinitionScanner - Identified candidate component class: file [D:\SI\blueTree_solution\bluetree_solution\web\target\classes\kr\or\btf\web\web\controller\pages\CourseHisController.class]
[2021-02-23 13:12:06:1121][restartedMain] DEBUG o.s.c.a.ClassPathBeanDefinitionScanner - Identified candidate component class: file [D:\SI\blueTree_solution\bluetree_solution\web\target\classes\kr\or\btf\web\web\controller\pages\CustomerCenterController.class]
[2021-02-23 13:12:06:1121][restartedMain] DEBUG o.s.c.a.ClassPathBeanDefinitionScanner - Identified candidate component class: file [D:\SI\blueTree_solution\bluetree_solution\web\target\classes\kr\or\btf\web\web\controller\pages\EtcController.class]
[2021-02-23 13:12:06:1121][restartedMain] DEBUG o.s.c.a.ClassPathBeanDefinitionScanner - Identified candidate component class: file [D:\SI\blueTree_solution\bluetree_solution\web\target\classes\kr\or\btf\web\web\controller\pages\MailController.class]
[2021-02-23 13:12:06:1121][restartedMain] DEBUG o.s.c.a.ClassPathBeanDefinitionScanner - Identified candidate component class: file [D:\SI\blueTree_solution\bluetree_solution\web\target\classes\kr\or\btf\web\web\controller\pages\MemberJoinController.class]
[2021-02-23 13:12:06:1121][restartedMain] DEBUG o.s.c.a.ClassPathBeanDefinitionScanner - Identified candidate component class: file [D:\SI\blueTree_solution\bluetree_solution\web\target\classes\kr\or\btf\web\web\controller\pages\MyPageController.class]
[2021-02-23 13:12:06:1121][restartedMain] DEBUG o.s.c.a.ClassPathBeanDefinitionScanner - Identified candidate component class: file [D:\SI\blueTree_solution\bluetree_solution\web\target\classes\kr\or\btf\web\web\controller\pages\NewsController.class]
[2021-02-23 13:12:06:1121][restartedMain] DEBUG o.s.c.a.ClassPathBeanDefinitionScanner - Identified candidate component class: file [D:\SI\blueTree_solution\bluetree_solution\web\target\classes\kr\or\btf\web\web\controller\pages\NiceApiController.class]
[2021-02-23 13:12:06:1121][restartedMain] DEBUG o.s.c.a.ClassPathBeanDefinitionScanner - Identified candidate component class: file [D:\SI\blueTree_solution\bluetree_solution\web\target\classes\kr\or\btf\web\web\controller\pages\SearchController.class]
[2021-02-23 13:12:06:1121][restartedMain] DEBUG o.s.c.a.ClassPathBeanDefinitionScanner - Identified candidate component class: file [D:\SI\blueTree_solution\bluetree_solution\web\target\classes\kr\or\btf\web\web\controller\pages\SubLayoutController.class]
[2021-02-23 13:12:06:1133][restartedMain] DEBUG o.s.c.a.ClassPathBeanDefinitionScanner - Identified candidate component class: file [D:\SI\blueTree_solution\bluetree_solution\web\target\classes\kr\or\btf\web\web\validator\MemberFormValidator.class]
[2021-02-23 13:12:06:1543][restartedMain] INFO  o.s.d.r.c.RepositoryConfigurationDelegate - Bootstrapping Spring Data JPA repositories in DEFAULT mode.
[2021-02-23 13:12:07:1743][restartedMain] INFO  o.s.d.r.c.RepositoryConfigurationDelegate - Finished Spring Data repository scanning in 199ms. Found 61 JPA repository interfaces.
[2021-02-23 13:12:07:2223][restartedMain] INFO  o.s.c.s.PostProcessorRegistrationDelegate$BeanPostProcessorChecker - Bean 'springAsyncConfig' of type [kr.or.btf.web.config.SpringAsyncConfig$$EnhancerBySpringCGLIB$$bdf1a7d7] is not eligible for getting processed by all BeanPostProcessors (for example: not eligible for auto-proxying)
[2021-02-23 13:12:08:2817][restartedMain] INFO  o.s.b.w.e.tomcat.TomcatWebServer - Tomcat initialized with port(s): 8080 (http)
[2021-02-23 13:12:08:2825][restartedMain] INFO  o.a.coyote.http11.Http11NioProtocol - Initializing ProtocolHandler ["http-nio-8080"]
[2021-02-23 13:12:08:2825][restartedMain] INFO  o.a.catalina.core.StandardService - Starting service [Tomcat]
[2021-02-23 13:12:08:2825][restartedMain] INFO  o.a.catalina.core.StandardEngine - Starting Servlet engine: [Apache Tomcat/9.0.37]
[2021-02-23 13:12:08:2919][restartedMain] INFO  o.a.c.c.C.[Tomcat].[localhost].[/] - Initializing Spring embedded WebApplicationContext
[2021-02-23 13:12:08:2919][restartedMain] INFO  o.s.b.w.s.c.ServletWebServerApplicationContext - Root WebApplicationContext: initialization completed in 2076 ms
[2021-02-23 13:12:08:2988][restartedMain] INFO  o.s.b.web.servlet.RegistrationBean - Filter connectHisFilter was not registered (possibly already registered?)
[2021-02-23 13:12:08:3008][restartedMain] DEBUG k.o.b.w.c.filters.ConnectHisFilter - Filter 'connectHisFilter' configured for use
[2021-02-23 13:12:08:3165][restartedMain] INFO  o.h.jpa.internal.util.LogHelper - HHH000204: Processing PersistenceUnitInfo [name: default]
[2021-02-23 13:12:08:3218][restartedMain] INFO  org.hibernate.Version - HHH000412: Hibernate ORM core version 5.4.20.Final
[2021-02-23 13:12:08:3352][restartedMain] INFO  o.h.annotations.common.Version - HCANN000001: Hibernate Commons Annotations {5.1.0.Final}
[2021-02-23 13:12:09:3713][restartedMain] INFO  org.hibernate.dialect.Dialect - HHH000400: Using dialect: kr.or.btf.web.config.RegisterSqlFunction
[2021-02-23 13:12:09:3946][restartedMain] WARN  org.hibernate.mapping.RootClass - HHH000038: Composite-id class does not override equals(): kr.or.btf.web.domain.web.AdviceRequestType
[2021-02-23 13:12:09:3946][restartedMain] WARN  org.hibernate.mapping.RootClass - HHH000039: Composite-id class does not override hashCode(): kr.or.btf.web.domain.web.AdviceRequestType
[2021-02-23 13:12:09:3946][restartedMain] WARN  org.hibernate.mapping.RootClass - HHH000038: Composite-id class does not override equals(): kr.or.btf.web.domain.web.CourseMasterRel
[2021-02-23 13:12:09:3946][restartedMain] WARN  org.hibernate.mapping.RootClass - HHH000039: Composite-id class does not override hashCode(): kr.or.btf.web.domain.web.CourseMasterRel
[2021-02-23 13:12:09:3946][restartedMain] WARN  org.hibernate.mapping.RootClass - HHH000038: Composite-id class does not override equals(): kr.or.btf.web.domain.web.MngMenuAuth
[2021-02-23 13:12:09:3946][restartedMain] WARN  org.hibernate.mapping.RootClass - HHH000039: Composite-id class does not override hashCode(): kr.or.btf.web.domain.web.MngMenuAuth
[2021-02-23 13:12:09:3946][restartedMain] WARN  org.hibernate.mapping.RootClass - HHH000038: Composite-id class does not override equals(): kr.or.btf.web.domain.web.WorkHis
[2021-02-23 13:12:09:3946][restartedMain] WARN  org.hibernate.mapping.RootClass - HHH000039: Composite-id class does not override hashCode(): kr.or.btf.web.domain.web.WorkHis
[2021-02-23 13:12:09:3946][restartedMain] WARN  org.hibernate.mapping.RootClass - HHH000038: Composite-id class does not override equals(): kr.or.btf.web.domain.web.LoginCnntLogsKey
[2021-02-23 13:12:09:3946][restartedMain] WARN  org.hibernate.mapping.RootClass - HHH000039: Composite-id class does not override hashCode(): kr.or.btf.web.domain.web.LoginCnntLogsKey
[2021-02-23 13:12:09:3946][restartedMain] WARN  org.hibernate.mapping.RootClass - HHH000038: Composite-id class does not override equals(): kr.or.btf.web.domain.web.AdviceReservationType
[2021-02-23 13:12:09:3946][restartedMain] WARN  org.hibernate.mapping.RootClass - HHH000039: Composite-id class does not override hashCode(): kr.or.btf.web.domain.web.AdviceReservationType
[2021-02-23 13:12:10:4913][restartedMain] INFO  o.h.e.t.j.p.i.JtaPlatformInitiator - HHH000490: Using JtaPlatform implementation: [org.hibernate.engine.transaction.jta.platform.internal.NoJtaPlatform]
[2021-02-23 13:12:10:4913][restartedMain] INFO  o.s.o.j.LocalContainerEntityManagerFactoryBean - Initialized JPA EntityManagerFactory for persistence unit 'default'
